<?xml version="1.0" encoding="UTF-8"?>
<testsuite name="com.l10gr10.pacxon.model.game.display.DisplayTest" tests="2" skipped="0" failures="0" errors="0" timestamp="2023-12-23T23:41:56" hostname="LAPTOP-19NCQFUK" time="0.005">
  <properties/>
  <testcase name="testGetBoard()" classname="com.l10gr10.pacxon.model.game.display.DisplayTest" time="0.002"/>
  <testcase name="testGetStats()" classname="com.l10gr10.pacxon.model.game.display.DisplayTest" time="0.002"/>
  <system-out><![CDATA[]]></system-out>
  <system-err><![CDATA[]]></system-err>
</testsuite>
