<?xml version="1.0" encoding="UTF-8"?>
<testsuite name="com.l10gr10.pacxon.controller.game.PacxonControllerTest" tests="2" skipped="0" failures="0" errors="0" timestamp="2023-12-23T23:41:55" hostname="LAPTOP-19NCQFUK" time="0.071">
  <properties/>
  <testcase name="testMoveDown()" classname="com.l10gr10.pacxon.controller.game.PacxonControllerTest" time="0.067"/>
  <testcase name="testMoveRight()" classname="com.l10gr10.pacxon.controller.game.PacxonControllerTest" time="0.002"/>
  <system-out><![CDATA[]]></system-out>
  <system-err><![CDATA[]]></system-err>
</testsuite>
