<?xml version="1.0" encoding="UTF-8"?>
<testsuite name="com.l10gr10.pacxon.model.game.display.BoardTest" tests="6" skipped="0" failures="0" errors="0" timestamp="2023-12-23T23:41:56" hostname="LAPTOP-19NCQFUK" time="0.025">
  <properties/>
  <testcase name="testGetWidth()" classname="com.l10gr10.pacxon.model.game.display.BoardTest" time="0.008"/>
  <testcase name="testGetBlockAt()" classname="com.l10gr10.pacxon.model.game.display.BoardTest" time="0.002"/>
  <testcase name="testGetBlocks()" classname="com.l10gr10.pacxon.model.game.display.BoardTest" time="0.001"/>
  <testcase name="testGetMonsters()" classname="com.l10gr10.pacxon.model.game.display.BoardTest" time="0.001"/>
  <testcase name="testGetHeight()" classname="com.l10gr10.pacxon.model.game.display.BoardTest" time="0.002"/>
  <testcase name="testGetPacxon()" classname="com.l10gr10.pacxon.model.game.display.BoardTest" time="0.001"/>
  <system-out><![CDATA[]]></system-out>
  <system-err><![CDATA[]]></system-err>
</testsuite>
