<?xml version="1.0" encoding="UTF-8"?>
<testsuite name="com.l10gr10.pacxon.view.ViewerTest" tests="1" skipped="0" failures="0" errors="0" timestamp="2023-12-12T12:27:43" hostname="jmffelisberto-ROG-Strix-G713IC-G713IC" time="0.016">
  <properties/>
  <testcase name="testConstructorAndGetModel()" classname="com.l10gr10.pacxon.view.ViewerTest" time="0.016"/>
  <system-out><![CDATA[]]></system-out>
  <system-err><![CDATA[]]></system-err>
</testsuite>
