<?xml version="1.0" encoding="UTF-8"?>
<testsuite name="com.l10gr10.pacxon.model.PositionTest" tests="6" skipped="0" failures="0" errors="0" timestamp="2023-12-23T23:41:56" hostname="LAPTOP-19NCQFUK" time="0.027">
  <properties/>
  <testcase name="testGetPositionX()" classname="com.l10gr10.pacxon.model.PositionTest" time="0.002"/>
  <testcase name="testGetPositionY()" classname="com.l10gr10.pacxon.model.PositionTest" time="0.001"/>
  <testcase name="testEqualsPosition()" classname="com.l10gr10.pacxon.model.PositionTest" time="0.008"/>
  <testcase name="testEqualsObject()" classname="com.l10gr10.pacxon.model.PositionTest" time="0.001"/>
  <testcase name="testHashCode()" classname="com.l10gr10.pacxon.model.PositionTest" time="0.001"/>
  <testcase name="testEquals()" classname="com.l10gr10.pacxon.model.PositionTest" time="0.001"/>
  <system-out><![CDATA[]]></system-out>
  <system-err><![CDATA[]]></system-err>
</testsuite>
