<?xml version="1.0" encoding="UTF-8"?>
<testsuite name="com.l10gr10.pacxon.model.game.display.StatsTest" tests="3" skipped="0" failures="0" errors="0" timestamp="2023-12-23T23:41:56" hostname="LAPTOP-19NCQFUK" time="0.008">
  <properties/>
  <testcase name="testUpdateProgress()" classname="com.l10gr10.pacxon.model.game.display.StatsTest" time="0.0"/>
  <testcase name="testAddScore()" classname="com.l10gr10.pacxon.model.game.display.StatsTest" time="0.001"/>
  <testcase name="testDefaultConstructor()" classname="com.l10gr10.pacxon.model.game.display.StatsTest" time="0.002"/>
  <system-out><![CDATA[]]></system-out>
  <system-err><![CDATA[]]></system-err>
</testsuite>
