<?xml version="1.0" encoding="UTF-8"?>
<testsuite name="com.l10gr10.pacxon.view.ViewerTest" tests="1" skipped="0" failures="0" errors="0" timestamp="2023-12-23T23:41:56" hostname="LAPTOP-19NCQFUK" time="0.001">
  <properties/>
  <testcase name="testConstructorAndGetModel()" classname="com.l10gr10.pacxon.view.ViewerTest" time="0.001"/>
  <system-out><![CDATA[]]></system-out>
  <system-err><![CDATA[]]></system-err>
</testsuite>
